panic: runtime error: invalid memory address or nil pointer dereference
[signal SIGSEGV: segmentation violation code=0x1 addr=0x18 pc=0x37a1199]

goroutine 1 [running]:
main.checkDupInstance()
	D:/pre/bits-project/bits/app.go:52 +0xd9
main.main()
	D:/pre/bits-project/bits/app.go:74 +0x13
panic: runtime error: invalid memory address or nil pointer dereference
[signal SIGSEGV: segmentation violation code=0x1 addr=0x18 pc=0x685e199]

goroutine 1 [running]:
main.checkDupInstance()
	D:/pre/bits-project/bits/app.go:52 +0xd9
main.main()
	D:/pre/bits-project/bits/app.go:74 +0x13
panic: runtime error: invalid memory address or nil pointer dereference
[signal SIGSEGV: segmentation violation code=0x1 addr=0x18 pc=0x7506199]

goroutine 1 [running]:
main.checkDupInstance()
	D:/pre/bits-project/bits/app.go:52 +0xd9
main.main()
	D:/pre/bits-project/bits/app.go:74 +0x13
panic: runtime error: invalid memory address or nil pointer dereference
[signal SIGSEGV: segmentation violation code=0x1 addr=0x18 pc=0xfacc199]

goroutine 1 [running]:
main.checkDupInstance()
	D:/pre/bits-project/bits/app.go:52 +0xd9
main.main()
	D:/pre/bits-project/bits/app.go:74 +0x13
panic: runtime error: invalid memory address or nil pointer dereference
[signal SIGSEGV: segmentation violation code=0x1 addr=0x18 pc=0x2697199]

goroutine 1 [running]:
main.checkDupInstance()
	D:/pre/bits-project/bits/app.go:52 +0xd9
main.main()
	D:/pre/bits-project/bits/app.go:74 +0x13
panic: runtime error: invalid memory address or nil pointer dereference
[signal SIGSEGV: segmentation violation code=0x1 addr=0x18 pc=0x10a0c199]

goroutine 1 [running]:
main.checkDupInstance()
	D:/pre/bits-project/bits/app.go:52 +0xd9
main.main()
	D:/pre/bits-project/bits/app.go:74 +0x13
panic: runtime error: invalid memory address or nil pointer dereference
[signal SIGSEGV: segmentation violation code=0x1 addr=0x18 pc=0x35a3199]

goroutine 1 [running]:
main.checkDupInstance()
	D:/pre/bits-project/bits/app.go:52 +0xd9
main.main()
	D:/pre/bits-project/bits/app.go:74 +0x13
panic: runtime error: invalid memory address or nil pointer dereference
[signal SIGSEGV: segmentation violation code=0x1 addr=0x18 pc=0xc611199]

goroutine 1 [running]:
main.checkDupInstance()
	D:/pre/bits-project/bits/app.go:52 +0xd9
main.main()
	D:/pre/bits-project/bits/app.go:74 +0x13
